{"/workspace/src/components/Blog/data/index.js": {"path":"/workspace/src/components/Blog/data/index.js","statementMap":{"0":{"start":{"line":6,"column":20},"end":{"line":6,"column":67}},"1":{"start":{"line":8,"column":20},"end":{"line":92,"column":54}},"2":{"start":{"line":9,"column":14},"end":{"line":9,"column":30}},"3":{"start":{"line":12,"column":2},"end":{"line":14,"column":3}},"4":{"start":{"line":13,"column":4},"end":{"line":13,"column":50}},"5":{"start":{"line":17,"column":2},"end":{"line":89,"column":3}},"6":{"start":{"line":19,"column":18},"end":{"line":19,"column":21}},"7":{"start":{"line":22,"column":4},"end":{"line":25,"column":5}},"8":{"start":{"line":23,"column":6},"end":{"line":23,"column":90}},"9":{"start":{"line":24,"column":6},"end":{"line":24,"column":18}},"10":{"start":{"line":26,"column":18},"end":{"line":26,"column":37}},"11":{"start":{"line":29,"column":22},"end":{"line":29,"column":24}},"12":{"start":{"line":30,"column":23},"end":{"line":30,"column":24}},"13":{"start":{"line":32,"column":4},"end":{"line":78,"column":5}},"14":{"start":{"line":33,"column":19},"end":{"line":33,"column":24}},"15":{"start":{"line":35,"column":6},"end":{"line":77,"column":7}},"16":{"start":{"line":35,"column":19},"end":{"line":35,"column":20}},"17":{"start":{"line":36,"column":8},"end":{"line":39,"column":9}},"18":{"start":{"line":37,"column":10},"end":{"line":37,"column":31}},"19":{"start":{"line":38,"column":10},"end":{"line":38,"column":16}},"20":{"start":{"line":42,"column":8},"end":{"line":46,"column":9}},"21":{"start":{"line":43,"column":10},"end":{"line":43,"column":24}},"22":{"start":{"line":44,"column":10},"end":{"line":44,"column":32}},"23":{"start":{"line":45,"column":10},"end":{"line":45,"column":19}},"24":{"start":{"line":48,"column":21},"end":{"line":48,"column":29}},"25":{"start":{"line":49,"column":28},"end":{"line":49,"column":45}},"26":{"start":{"line":51,"column":8},"end":{"line":76,"column":9}},"27":{"start":{"line":53,"column":39},"end":{"line":53,"column":61}},"28":{"start":{"line":54,"column":10},"end":{"line":58,"column":11}},"29":{"start":{"line":55,"column":24},"end":{"line":55,"column":51}},"30":{"start":{"line":56,"column":12},"end":{"line":56,"column":54}},"31":{"start":{"line":57,"column":12},"end":{"line":57,"column":49}},"32":{"start":{"line":60,"column":10},"end":{"line":60,"column":25}},"33":{"start":{"line":61,"column":39},"end":{"line":61,"column":54}},"34":{"start":{"line":62,"column":10},"end":{"line":75,"column":11}},"35":{"start":{"line":63,"column":24},"end":{"line":63,"column":51}},"36":{"start":{"line":65,"column":12},"end":{"line":73,"column":13}},"37":{"start":{"line":66,"column":14},"end":{"line":66,"column":92}},"38":{"start":{"line":66,"column":61},"end":{"line":66,"column":90}},"39":{"start":{"line":67,"column":19},"end":{"line":73,"column":13}},"40":{"start":{"line":68,"column":14},"end":{"line":68,"column":27}},"41":{"start":{"line":69,"column":19},"end":{"line":73,"column":13}},"42":{"start":{"line":70,"column":14},"end":{"line":70,"column":28}},"43":{"start":{"line":71,"column":19},"end":{"line":73,"column":13}},"44":{"start":{"line":72,"column":14},"end":{"line":72,"column":41}},"45":{"start":{"line":74,"column":12},"end":{"line":74,"column":44}},"46":{"start":{"line":81,"column":28},"end":{"line":81,"column":64}},"47":{"start":{"line":82,"column":24},"end":{"line":82,"column":54}},"48":{"start":{"line":84,"column":4},"end":{"line":88,"column":6}},"49":{"start":{"line":91,"column":2},"end":{"line":91,"column":13}},"50":{"start":{"line":92,"column":18},"end":{"line":92,"column":53}},"51":{"start":{"line":95,"column":0},"end":{"line":95,"column":78}},"52":{"start":{"line":95,"column":27},"end":{"line":95,"column":76}},"53":{"start":{"line":97,"column":25},"end":{"line":97,"column":36}},"54":{"start":{"line":99,"column":33},"end":{"line":101,"column":1}},"55":{"start":{"line":100,"column":2},"end":{"line":100,"column":54}},"56":{"start":{"line":100,"column":34},"end":{"line":100,"column":52}},"57":{"start":{"line":103,"column":32},"end":{"line":105,"column":1}},"58":{"start":{"line":104,"column":2},"end":{"line":104,"column":51}},"59":{"start":{"line":104,"column":36},"end":{"line":104,"column":49}},"60":{"start":{"line":107,"column":29},"end":{"line":109,"column":1}},"61":{"start":{"line":108,"column":2},"end":{"line":108,"column":74}},"62":{"start":{"line":108,"column":36},"end":{"line":108,"column":72}},"63":{"start":{"line":111,"column":26},"end":{"line":117,"column":1}},"64":{"start":{"line":112,"column":15},"end":{"line":112,"column":24}},"65":{"start":{"line":113,"column":2},"end":{"line":115,"column":5}},"66":{"start":{"line":114,"column":4},"end":{"line":114,"column":54}},"67":{"start":{"line":114,"column":39},"end":{"line":114,"column":52}},"68":{"start":{"line":116,"column":2},"end":{"line":116,"column":26}}},"fnMap":{"0":{"name":"(anonymous_0)","decl":{"start":{"line":8,"column":43},"end":{"line":8,"column":44}},"loc":{"start":{"line":8,"column":52},"end":{"line":92,"column":1}},"line":8},"1":{"name":"(anonymous_1)","decl":{"start":{"line":66,"column":56},"end":{"line":66,"column":57}},"loc":{"start":{"line":66,"column":61},"end":{"line":66,"column":90}},"line":66},"2":{"name":"(anonymous_2)","decl":{"start":{"line":92,"column":10},"end":{"line":92,"column":11}},"loc":{"start":{"line":92,"column":18},"end":{"line":92,"column":53}},"line":92},"3":{"name":"(anonymous_3)","decl":{"start":{"line":95,"column":17},"end":{"line":95,"column":18}},"loc":{"start":{"line":95,"column":27},"end":{"line":95,"column":76}},"line":95},"4":{"name":"(anonymous_4)","decl":{"start":{"line":99,"column":33},"end":{"line":99,"column":34}},"loc":{"start":{"line":99,"column":43},"end":{"line":101,"column":1}},"line":99},"5":{"name":"(anonymous_5)","decl":{"start":{"line":100,"column":24},"end":{"line":100,"column":25}},"loc":{"start":{"line":100,"column":34},"end":{"line":100,"column":52}},"line":100},"6":{"name":"(anonymous_6)","decl":{"start":{"line":103,"column":32},"end":{"line":103,"column":33}},"loc":{"start":{"line":103,"column":38},"end":{"line":105,"column":1}},"line":103},"7":{"name":"(anonymous_7)","decl":{"start":{"line":104,"column":26},"end":{"line":104,"column":27}},"loc":{"start":{"line":104,"column":36},"end":{"line":104,"column":49}},"line":104},"8":{"name":"(anonymous_8)","decl":{"start":{"line":107,"column":29},"end":{"line":107,"column":30}},"loc":{"start":{"line":107,"column":38},"end":{"line":109,"column":1}},"line":107},"9":{"name":"(anonymous_9)","decl":{"start":{"line":108,"column":26},"end":{"line":108,"column":27}},"loc":{"start":{"line":108,"column":36},"end":{"line":108,"column":72}},"line":108},"10":{"name":"(anonymous_10)","decl":{"start":{"line":111,"column":26},"end":{"line":111,"column":27}},"loc":{"start":{"line":111,"column":32},"end":{"line":117,"column":1}},"line":111},"11":{"name":"(anonymous_11)","decl":{"start":{"line":113,"column":20},"end":{"line":113,"column":21}},"loc":{"start":{"line":113,"column":30},"end":{"line":115,"column":3}},"line":113},"12":{"name":"(anonymous_12)","decl":{"start":{"line":114,"column":30},"end":{"line":114,"column":31}},"loc":{"start":{"line":114,"column":39},"end":{"line":114,"column":52}},"line":114}},"branchMap":{"0":{"loc":{"start":{"line":12,"column":2},"end":{"line":14,"column":3}},"type":"if","locations":[{"start":{"line":12,"column":2},"end":{"line":14,"column":3}},{"start":{},"end":{}}],"line":12},"1":{"loc":{"start":{"line":13,"column":11},"end":{"line":13,"column":49}},"type":"cond-expr","locations":[{"start":{"line":13,"column":32},"end":{"line":13,"column":43}},{"start":{"line":13,"column":46},"end":{"line":13,"column":49}}],"line":13},"2":{"loc":{"start":{"line":13,"column":11},"end":{"line":13,"column":29}},"type":"binary-expr","locations":[{"start":{"line":13,"column":11},"end":{"line":13,"column":14}},{"start":{"line":13,"column":18},"end":{"line":13,"column":29}}],"line":13},"3":{"loc":{"start":{"line":17,"column":2},"end":{"line":89,"column":3}},"type":"if","locations":[{"start":{"line":17,"column":2},"end":{"line":89,"column":3}},{"start":{},"end":{}}],"line":17},"4":{"loc":{"start":{"line":22,"column":4},"end":{"line":25,"column":5}},"type":"if","locations":[{"start":{"line":22,"column":4},"end":{"line":25,"column":5}},{"start":{},"end":{}}],"line":22},"5":{"loc":{"start":{"line":32,"column":4},"end":{"line":78,"column":5}},"type":"if","locations":[{"start":{"line":32,"column":4},"end":{"line":78,"column":5}},{"start":{},"end":{}}],"line":32},"6":{"loc":{"start":{"line":36,"column":8},"end":{"line":39,"column":9}},"type":"if","locations":[{"start":{"line":36,"column":8},"end":{"line":39,"column":9}},{"start":{},"end":{}}],"line":36},"7":{"loc":{"start":{"line":42,"column":8},"end":{"line":46,"column":9}},"type":"if","locations":[{"start":{"line":42,"column":8},"end":{"line":46,"column":9}},{"start":{},"end":{}}],"line":42},"8":{"loc":{"start":{"line":51,"column":8},"end":{"line":76,"column":9}},"type":"if","locations":[{"start":{"line":51,"column":8},"end":{"line":76,"column":9}},{"start":{"line":59,"column":15},"end":{"line":76,"column":9}}],"line":51},"9":{"loc":{"start":{"line":51,"column":12},"end":{"line":51,"column":38}},"type":"binary-expr","locations":[{"start":{"line":51,"column":12},"end":{"line":51,"column":18}},{"start":{"line":51,"column":22},"end":{"line":51,"column":38}}],"line":51},"10":{"loc":{"start":{"line":54,"column":10},"end":{"line":58,"column":11}},"type":"if","locations":[{"start":{"line":54,"column":10},"end":{"line":58,"column":11}},{"start":{},"end":{}}],"line":54},"11":{"loc":{"start":{"line":54,"column":14},"end":{"line":54,"column":42}},"type":"binary-expr","locations":[{"start":{"line":54,"column":14},"end":{"line":54,"column":17}},{"start":{"line":54,"column":21},"end":{"line":54,"column":42}}],"line":54},"12":{"loc":{"start":{"line":62,"column":10},"end":{"line":75,"column":11}},"type":"if","locations":[{"start":{"line":62,"column":10},"end":{"line":75,"column":11}},{"start":{},"end":{}}],"line":62},"13":{"loc":{"start":{"line":62,"column":14},"end":{"line":62,"column":42}},"type":"binary-expr","locations":[{"start":{"line":62,"column":14},"end":{"line":62,"column":17}},{"start":{"line":62,"column":21},"end":{"line":62,"column":42}}],"line":62},"14":{"loc":{"start":{"line":65,"column":12},"end":{"line":73,"column":13}},"type":"if","locations":[{"start":{"line":65,"column":12},"end":{"line":73,"column":13}},{"start":{"line":67,"column":19},"end":{"line":73,"column":13}}],"line":65},"15":{"loc":{"start":{"line":65,"column":16},"end":{"line":65,"column":60}},"type":"binary-expr","locations":[{"start":{"line":65,"column":16},"end":{"line":65,"column":37}},{"start":{"line":65,"column":41},"end":{"line":65,"column":60}}],"line":65},"16":{"loc":{"start":{"line":67,"column":19},"end":{"line":73,"column":13}},"type":"if","locations":[{"start":{"line":67,"column":19},"end":{"line":73,"column":13}},{"start":{"line":69,"column":19},"end":{"line":73,"column":13}}],"line":67},"17":{"loc":{"start":{"line":69,"column":19},"end":{"line":73,"column":13}},"type":"if","locations":[{"start":{"line":69,"column":19},"end":{"line":73,"column":13}},{"start":{"line":71,"column":19},"end":{"line":73,"column":13}}],"line":69},"18":{"loc":{"start":{"line":71,"column":19},"end":{"line":73,"column":13}},"type":"if","locations":[{"start":{"line":71,"column":19},"end":{"line":73,"column":13}},{"start":{},"end":{}}],"line":71},"19":{"loc":{"start":{"line":71,"column":23},"end":{"line":71,"column":67}},"type":"binary-expr","locations":[{"start":{"line":71,"column":23},"end":{"line":71,"column":44}},{"start":{"line":71,"column":48},"end":{"line":71,"column":67}}],"line":71},"20":{"loc":{"start":{"line":92,"column":18},"end":{"line":92,"column":53}},"type":"binary-expr","locations":[{"start":{"line":92,"column":18},"end":{"line":92,"column":31}},{"start":{"line":92,"column":35},"end":{"line":92,"column":53}}],"line":92},"21":{"loc":{"start":{"line":108,"column":36},"end":{"line":108,"column":72}},"type":"binary-expr","locations":[{"start":{"line":108,"column":36},"end":{"line":108,"column":45}},{"start":{"line":108,"column":49},"end":{"line":108,"column":72}}],"line":108},"22":{"loc":{"start":{"line":114,"column":5},"end":{"line":114,"column":20}},"type":"binary-expr","locations":[{"start":{"line":114,"column":5},"end":{"line":114,"column":14}},{"start":{"line":114,"column":18},"end":{"line":114,"column":20}}],"line":114}},"s":{"0":0,"1":0,"2":0,"3":0,"4":0,"5":0,"6":0,"7":0,"8":0,"9":0,"10":0,"11":0,"12":0,"13":0,"14":0,"15":0,"16":0,"17":0,"18":0,"19":0,"20":0,"21":0,"22":0,"23":0,"24":0,"25":0,"26":0,"27":0,"28":0,"29":0,"30":0,"31":0,"32":0,"33":0,"34":0,"35":0,"36":0,"37":0,"38":0,"39":0,"40":0,"41":0,"42":0,"43":0,"44":0,"45":0,"46":0,"47":0,"48":0,"49":0,"50":0,"51":0,"52":0,"53":0,"54":0,"55":0,"56":0,"57":0,"58":0,"59":0,"60":0,"61":0,"62":0,"63":0,"64":0,"65":0,"66":0,"67":0,"68":0},"f":{"0":0,"1":0,"2":0,"3":0,"4":0,"5":0,"6":0,"7":0,"8":0,"9":0,"10":0,"11":0,"12":0},"b":{"0":[0,0],"1":[0,0],"2":[0,0],"3":[0,0],"4":[0,0],"5":[0,0],"6":[0,0],"7":[0,0],"8":[0,0],"9":[0,0],"10":[0,0],"11":[0,0],"12":[0,0],"13":[0,0],"14":[0,0],"15":[0,0],"16":[0,0],"17":[0,0],"18":[0,0],"19":[0,0],"20":[0,0],"21":[0,0],"22":[0,0]}}
,"/workspace/src/components/Earn/airdrop.js": {"path":"/workspace/src/components/Earn/airdrop.js","statementMap":{"0":{"start":{"line":1,"column":22},"end":{"line":21776,"column":1}}},"fnMap":{},"branchMap":{},"s":{"0":0},"f":{},"b":{}}
,"/workspace/src/composables/useScrollVisibility.js": {"path":"/workspace/src/composables/useScrollVisibility.js","statementMap":{"0":{"start":{"line":16,"column":6},"end":{"line":16,"column":13}},"1":{"start":{"line":18,"column":20},"end":{"line":18,"column":29}},"2":{"start":{"line":19,"column":29},"end":{"line":19,"column":35}},"3":{"start":{"line":20,"column":32},"end":{"line":20,"column":38}},"4":{"start":{"line":22,"column":23},"end":{"line":45,"column":3}},"5":{"start":{"line":23,"column":27},"end":{"line":23,"column":83}},"6":{"start":{"line":25,"column":4},"end":{"line":27,"column":5}},"7":{"start":{"line":26,"column":6},"end":{"line":26,"column":13}},"8":{"start":{"line":29,"column":4},"end":{"line":29,"column":49}},"9":{"start":{"line":32,"column":4},"end":{"line":34,"column":5}},"10":{"start":{"line":33,"column":6},"end":{"line":33,"column":13}},"11":{"start":{"line":36,"column":26},"end":{"line":36,"column":67}},"12":{"start":{"line":38,"column":4},"end":{"line":42,"column":5}},"13":{"start":{"line":39,"column":6},"end":{"line":39,"column":30}},"14":{"start":{"line":40,"column":11},"end":{"line":42,"column":5}},"15":{"start":{"line":41,"column":6},"end":{"line":41,"column":29}},"16":{"start":{"line":44,"column":4},"end":{"line":44,"column":46}},"17":{"start":{"line":47,"column":2},"end":{"line":49,"column":5}},"18":{"start":{"line":48,"column":4},"end":{"line":48,"column":52}},"19":{"start":{"line":51,"column":2},"end":{"line":53,"column":5}},"20":{"start":{"line":52,"column":4},"end":{"line":52,"column":55}},"21":{"start":{"line":55,"column":2},"end":{"line":59,"column":4}}},"fnMap":{"0":{"name":"useScrollVisibility","decl":{"start":{"line":11,"column":16},"end":{"line":11,"column":35}},"loc":{"start":{"line":11,"column":50},"end":{"line":60,"column":1}},"line":11},"1":{"name":"(anonymous_1)","decl":{"start":{"line":22,"column":23},"end":{"line":22,"column":24}},"loc":{"start":{"line":22,"column":29},"end":{"line":45,"column":3}},"line":22},"2":{"name":"(anonymous_2)","decl":{"start":{"line":47,"column":12},"end":{"line":47,"column":13}},"loc":{"start":{"line":47,"column":18},"end":{"line":49,"column":3}},"line":47},"3":{"name":"(anonymous_3)","decl":{"start":{"line":51,"column":14},"end":{"line":51,"column":15}},"loc":{"start":{"line":51,"column":20},"end":{"line":53,"column":3}},"line":51}},"branchMap":{"0":{"loc":{"start":{"line":11,"column":36},"end":{"line":11,"column":48}},"type":"default-arg","locations":[{"start":{"line":11,"column":46},"end":{"line":11,"column":48}}],"line":11},"1":{"loc":{"start":{"line":13,"column":4},"end":{"line":13,"column":19}},"type":"default-arg","locations":[{"start":{"line":13,"column":16},"end":{"line":13,"column":19}}],"line":13},"2":{"loc":{"start":{"line":14,"column":4},"end":{"line":14,"column":27}},"type":"default-arg","locations":[{"start":{"line":14,"column":23},"end":{"line":14,"column":27}}],"line":14},"3":{"loc":{"start":{"line":15,"column":4},"end":{"line":15,"column":25}},"type":"default-arg","locations":[{"start":{"line":15,"column":21},"end":{"line":15,"column":25}}],"line":15},"4":{"loc":{"start":{"line":23,"column":27},"end":{"line":23,"column":83}},"type":"binary-expr","locations":[{"start":{"line":23,"column":27},"end":{"line":23,"column":45}},{"start":{"line":23,"column":49},"end":{"line":23,"column":83}}],"line":23},"5":{"loc":{"start":{"line":25,"column":4},"end":{"line":27,"column":5}},"type":"if","locations":[{"start":{"line":25,"column":4},"end":{"line":27,"column":5}},{"start":{},"end":{}}],"line":25},"6":{"loc":{"start":{"line":32,"column":4},"end":{"line":34,"column":5}},"type":"if","locations":[{"start":{"line":32,"column":4},"end":{"line":34,"column":5}},{"start":{},"end":{}}],"line":32},"7":{"loc":{"start":{"line":38,"column":4},"end":{"line":42,"column":5}},"type":"if","locations":[{"start":{"line":38,"column":4},"end":{"line":42,"column":5}},{"start":{"line":40,"column":11},"end":{"line":42,"column":5}}],"line":38},"8":{"loc":{"start":{"line":38,"column":8},"end":{"line":38,"column":42}},"type":"binary-expr","locations":[{"start":{"line":38,"column":8},"end":{"line":38,"column":24}},{"start":{"line":38,"column":28},"end":{"line":38,"column":42}}],"line":38},"9":{"loc":{"start":{"line":40,"column":11},"end":{"line":42,"column":5}},"type":"if","locations":[{"start":{"line":40,"column":11},"end":{"line":42,"column":5}},{"start":{},"end":{}}],"line":40},"10":{"loc":{"start":{"line":40,"column":15},"end":{"line":40,"column":46}},"type":"binary-expr","locations":[{"start":{"line":40,"column":15},"end":{"line":40,"column":29}},{"start":{"line":40,"column":33},"end":{"line":40,"column":46}}],"line":40}},"s":{"0":0,"1":0,"2":0,"3":0,"4":0,"5":0,"6":0,"7":0,"8":0,"9":0,"10":0,"11":0,"12":0,"13":0,"14":0,"15":0,"16":0,"17":0,"18":0,"19":0,"20":0,"21":0},"f":{"0":0,"1":0,"2":0,"3":0},"b":{"0":[0],"1":[0],"2":[0],"3":[0],"4":[0,0],"5":[0,0],"6":[0,0],"7":[0,0],"8":[0,0],"9":[0,0],"10":[0,0]}}
,"/workspace/src/contracts/index.js": {"path":"/workspace/src/contracts/index.js","statementMap":{"0":{"start":{"line":26,"column":17},"end":{"line":26,"column":19}},"1":{"start":{"line":34,"column":22},"end":{"line":34,"column":27}},"2":{"start":{"line":35,"column":23},"end":{"line":35,"column":28}},"3":{"start":{"line":37,"column":18},"end":{"line":44,"column":1}},"4":{"start":{"line":47,"column":12},"end":{"line":61,"column":1}},"5":{"start":{"line":63,"column":14},"end":{"line":66,"column":1}},"6":{"start":{"line":64,"column":4},"end":{"line":64,"column":136}},"7":{"start":{"line":65,"column":4},"end":{"line":65,"column":16}},"8":{"start":{"line":67,"column":21},"end":{"line":67,"column":36}},"9":{"start":{"line":67,"column":27},"end":{"line":67,"column":36}},"10":{"start":{"line":68,"column":28},"end":{"line":68,"column":43}},"11":{"start":{"line":68,"column":34},"end":{"line":68,"column":43}},"12":{"start":{"line":69,"column":19},"end":{"line":69,"column":70}},"13":{"start":{"line":69,"column":28},"end":{"line":69,"column":70}},"14":{"start":{"line":80,"column":15},"end":{"line":80,"column":19}},"15":{"start":{"line":81,"column":13},"end":{"line":81,"column":17}},"16":{"start":{"line":82,"column":20},"end":{"line":82,"column":25}},"17":{"start":{"line":85,"column":25},"end":{"line":249,"column":1}},"18":{"start":{"line":86,"column":4},"end":{"line":248,"column":5}},"19":{"start":{"line":87,"column":8},"end":{"line":247,"column":9}},"20":{"start":{"line":88,"column":12},"end":{"line":88,"column":67}},"21":{"start":{"line":89,"column":12},"end":{"line":89,"column":26}},"22":{"start":{"line":90,"column":12},"end":{"line":90,"column":33}},"23":{"start":{"line":93,"column":12},"end":{"line":105,"column":13}},"24":{"start":{"line":94,"column":16},"end":{"line":104,"column":19}},"25":{"start":{"line":95,"column":20},"end":{"line":95,"column":67}},"26":{"start":{"line":97,"column":20},"end":{"line":97,"column":42}},"27":{"start":{"line":99,"column":20},"end":{"line":103,"column":28}},"28":{"start":{"line":100,"column":24},"end":{"line":102,"column":27}},"29":{"start":{"line":101,"column":28},"end":{"line":101,"column":95}},"30":{"start":{"line":109,"column":12},"end":{"line":116,"column":13}},"31":{"start":{"line":110,"column":32},"end":{"line":110,"column":59}},"32":{"start":{"line":111,"column":16},"end":{"line":111,"column":62}},"33":{"start":{"line":114,"column":16},"end":{"line":114,"column":50}},"34":{"start":{"line":115,"column":16},"end":{"line":115,"column":132}},"35":{"start":{"line":119,"column":12},"end":{"line":121,"column":13}},"36":{"start":{"line":120,"column":16},"end":{"line":120,"column":64}},"37":{"start":{"line":123,"column":30},"end":{"line":123,"column":32}},"38":{"start":{"line":125,"column":12},"end":{"line":192,"column":13}},"39":{"start":{"line":126,"column":16},"end":{"line":163,"column":17}},"40":{"start":{"line":164,"column":19},"end":{"line":192,"column":13}},"41":{"start":{"line":165,"column":16},"end":{"line":181,"column":17}},"42":{"start":{"line":182,"column":19},"end":{"line":192,"column":13}},"43":{"start":{"line":183,"column":16},"end":{"line":191,"column":17}},"44":{"start":{"line":195,"column":12},"end":{"line":205,"column":13}},"45":{"start":{"line":196,"column":16},"end":{"line":202,"column":17}},"46":{"start":{"line":200,"column":45},"end":{"line":200,"column":84}},"47":{"start":{"line":201,"column":20},"end":{"line":201,"column":98}},"48":{"start":{"line":203,"column":20},"end":{"line":203,"column":86}},"49":{"start":{"line":204,"column":16},"end":{"line":204,"column":28}},"50":{"start":{"line":206,"column":12},"end":{"line":206,"column":102}},"51":{"start":{"line":206,"column":65},"end":{"line":206,"column":102}},"52":{"start":{"line":208,"column":12},"end":{"line":241,"column":13}},"53":{"start":{"line":209,"column":16},"end":{"line":209,"column":41}},"54":{"start":{"line":210,"column":16},"end":{"line":210,"column":74}},"55":{"start":{"line":212,"column":37},"end":{"line":212,"column":58}},"56":{"start":{"line":213,"column":16},"end":{"line":213,"column":187}},"57":{"start":{"line":216,"column":16},"end":{"line":223,"column":17}},"58":{"start":{"line":217,"column":20},"end":{"line":220,"column":22}},"59":{"start":{"line":222,"column":20},"end":{"line":222,"column":67}},"60":{"start":{"line":226,"column":16},"end":{"line":240,"column":17}},"61":{"start":{"line":227,"column":20},"end":{"line":227,"column":96}},"62":{"start":{"line":228,"column":20},"end":{"line":234,"column":22}},"63":{"start":{"line":235,"column":20},"end":{"line":235,"column":45}},"64":{"start":{"line":236,"column":20},"end":{"line":236,"column":119}},"65":{"start":{"line":239,"column":20},"end":{"line":239,"column":36}},"66":{"start":{"line":245,"column":12},"end":{"line":245,"column":66}},"67":{"start":{"line":246,"column":12},"end":{"line":246,"column":22}},"68":{"start":{"line":252,"column":0},"end":{"line":268,"column":1}},"69":{"start":{"line":253,"column":4},"end":{"line":255,"column":7}},"70":{"start":{"line":254,"column":8},"end":{"line":254,"column":70}},"71":{"start":{"line":258,"column":26},"end":{"line":266,"column":5}},"72":{"start":{"line":259,"column":8},"end":{"line":265,"column":9}},"73":{"start":{"line":260,"column":12},"end":{"line":262,"column":15}},"74":{"start":{"line":261,"column":16},"end":{"line":261,"column":78}},"75":{"start":{"line":264,"column":12},"end":{"line":264,"column":43}},"76":{"start":{"line":267,"column":4},"end":{"line":267,"column":20}},"77":{"start":{"line":271,"column":25},"end":{"line":280,"column":1}},"78":{"start":{"line":272,"column":4},"end":{"line":278,"column":5}},"79":{"start":{"line":273,"column":8},"end":{"line":277,"column":9}},"80":{"start":{"line":274,"column":12},"end":{"line":274,"column":48}},"81":{"start":{"line":276,"column":12},"end":{"line":276,"column":58}},"82":{"start":{"line":279,"column":4},"end":{"line":279,"column":18}},"83":{"start":{"line":282,"column":25},"end":{"line":282,"column":35}},"84":{"start":{"line":283,"column":20},"end":{"line":283,"column":25}},"85":{"start":{"line":286,"column":25},"end":{"line":286,"column":93}},"86":{"start":{"line":286,"column":48},"end":{"line":286,"column":93}},"87":{"start":{"line":287,"column":21},"end":{"line":287,"column":85}},"88":{"start":{"line":287,"column":44},"end":{"line":287,"column":85}},"89":{"start":{"line":288,"column":19},"end":{"line":288,"column":81}},"90":{"start":{"line":288,"column":42},"end":{"line":288,"column":81}},"91":{"start":{"line":291,"column":27},"end":{"line":291,"column":107}},"92":{"start":{"line":291,"column":50},"end":{"line":291,"column":107}},"93":{"start":{"line":292,"column":33},"end":{"line":292,"column":119}},"94":{"start":{"line":292,"column":56},"end":{"line":292,"column":119}},"95":{"start":{"line":293,"column":28},"end":{"line":293,"column":101}},"96":{"start":{"line":293,"column":51},"end":{"line":293,"column":101}},"97":{"start":{"line":295,"column":28},"end":{"line":295,"column":102}},"98":{"start":{"line":295,"column":51},"end":{"line":295,"column":102}},"99":{"start":{"line":296,"column":26},"end":{"line":296,"column":98}},"100":{"start":{"line":296,"column":49},"end":{"line":296,"column":98}},"101":{"start":{"line":297,"column":34},"end":{"line":297,"column":114}},"102":{"start":{"line":297,"column":57},"end":{"line":297,"column":114}},"103":{"start":{"line":298,"column":40},"end":{"line":298,"column":126}},"104":{"start":{"line":298,"column":63},"end":{"line":298,"column":126}},"105":{"start":{"line":299,"column":35},"end":{"line":299,"column":120}},"106":{"start":{"line":299,"column":58},"end":{"line":299,"column":120}},"107":{"start":{"line":302,"column":32},"end":{"line":302,"column":110}},"108":{"start":{"line":302,"column":55},"end":{"line":302,"column":110}},"109":{"start":{"line":303,"column":30},"end":{"line":303,"column":106}},"110":{"start":{"line":303,"column":53},"end":{"line":303,"column":106}},"111":{"start":{"line":304,"column":38},"end":{"line":304,"column":122}},"112":{"start":{"line":304,"column":61},"end":{"line":304,"column":122}},"113":{"start":{"line":305,"column":39},"end":{"line":305,"column":124}},"114":{"start":{"line":305,"column":62},"end":{"line":305,"column":124}},"115":{"start":{"line":308,"column":23},"end":{"line":308,"column":101}},"116":{"start":{"line":308,"column":46},"end":{"line":308,"column":101}},"117":{"start":{"line":309,"column":24},"end":{"line":309,"column":91}},"118":{"start":{"line":309,"column":47},"end":{"line":309,"column":91}},"119":{"start":{"line":311,"column":26},"end":{"line":311,"column":102}},"120":{"start":{"line":311,"column":49},"end":{"line":311,"column":102}},"121":{"start":{"line":312,"column":29},"end":{"line":312,"column":111}},"122":{"start":{"line":312,"column":52},"end":{"line":312,"column":111}},"123":{"start":{"line":313,"column":21},"end":{"line":313,"column":87}},"124":{"start":{"line":313,"column":44},"end":{"line":313,"column":87}},"125":{"start":{"line":314,"column":25},"end":{"line":314,"column":95}},"126":{"start":{"line":314,"column":48},"end":{"line":314,"column":95}},"127":{"start":{"line":316,"column":27},"end":{"line":316,"column":97}},"128":{"start":{"line":316,"column":50},"end":{"line":316,"column":97}},"129":{"start":{"line":317,"column":25},"end":{"line":317,"column":93}},"130":{"start":{"line":317,"column":48},"end":{"line":317,"column":93}},"131":{"start":{"line":318,"column":21},"end":{"line":318,"column":85}},"132":{"start":{"line":318,"column":44},"end":{"line":318,"column":85}},"133":{"start":{"line":319,"column":22},"end":{"line":319,"column":87}},"134":{"start":{"line":319,"column":45},"end":{"line":319,"column":87}},"135":{"start":{"line":320,"column":24},"end":{"line":325,"column":1}}},"fnMap":{"0":{"name":"(anonymous_0)","decl":{"start":{"line":63,"column":14},"end":{"line":63,"column":15}},"loc":{"start":{"line":63,"column":20},"end":{"line":66,"column":1}},"line":63},"1":{"name":"(anonymous_1)","decl":{"start":{"line":67,"column":21},"end":{"line":67,"column":22}},"loc":{"start":{"line":67,"column":27},"end":{"line":67,"column":36}},"line":67},"2":{"name":"(anonymous_2)","decl":{"start":{"line":68,"column":28},"end":{"line":68,"column":29}},"loc":{"start":{"line":68,"column":34},"end":{"line":68,"column":43}},"line":68},"3":{"name":"(anonymous_3)","decl":{"start":{"line":69,"column":19},"end":{"line":69,"column":20}},"loc":{"start":{"line":69,"column":28},"end":{"line":69,"column":70}},"line":69},"4":{"name":"(anonymous_4)","decl":{"start":{"line":85,"column":25},"end":{"line":85,"column":26}},"loc":{"start":{"line":85,"column":37},"end":{"line":249,"column":1}},"line":85},"5":{"name":"(anonymous_5)","decl":{"start":{"line":94,"column":51},"end":{"line":94,"column":52}},"loc":{"start":{"line":94,"column":67},"end":{"line":104,"column":17}},"line":94},"6":{"name":"(anonymous_6)","decl":{"start":{"line":99,"column":31},"end":{"line":99,"column":32}},"loc":{"start":{"line":99,"column":37},"end":{"line":103,"column":21}},"line":99},"7":{"name":"(anonymous_7)","decl":{"start":{"line":100,"column":49},"end":{"line":100,"column":50}},"loc":{"start":{"line":100,"column":58},"end":{"line":102,"column":25}},"line":100},"8":{"name":"(anonymous_8)","decl":{"start":{"line":195,"column":29},"end":{"line":195,"column":30}},"loc":{"start":{"line":195,"column":66},"end":{"line":205,"column":13}},"line":195},"9":{"name":"(anonymous_9)","decl":{"start":{"line":206,"column":36},"end":{"line":206,"column":37}},"loc":{"start":{"line":206,"column":65},"end":{"line":206,"column":102}},"line":206},"10":{"name":"(anonymous_10)","decl":{"start":{"line":253,"column":29},"end":{"line":253,"column":30}},"loc":{"start":{"line":253,"column":38},"end":{"line":255,"column":5}},"line":253},"11":{"name":"(anonymous_11)","decl":{"start":{"line":258,"column":26},"end":{"line":258,"column":27}},"loc":{"start":{"line":258,"column":32},"end":{"line":266,"column":5}},"line":258},"12":{"name":"(anonymous_12)","decl":{"start":{"line":260,"column":37},"end":{"line":260,"column":38}},"loc":{"start":{"line":260,"column":46},"end":{"line":262,"column":13}},"line":260},"13":{"name":"(anonymous_13)","decl":{"start":{"line":271,"column":25},"end":{"line":271,"column":26}},"loc":{"start":{"line":271,"column":37},"end":{"line":280,"column":1}},"line":271},"14":{"name":"(anonymous_14)","decl":{"start":{"line":286,"column":25},"end":{"line":286,"column":26}},"loc":{"start":{"line":286,"column":48},"end":{"line":286,"column":93}},"line":286},"15":{"name":"(anonymous_15)","decl":{"start":{"line":287,"column":21},"end":{"line":287,"column":22}},"loc":{"start":{"line":287,"column":44},"end":{"line":287,"column":85}},"line":287},"16":{"name":"(anonymous_16)","decl":{"start":{"line":288,"column":19},"end":{"line":288,"column":20}},"loc":{"start":{"line":288,"column":42},"end":{"line":288,"column":81}},"line":288},"17":{"name":"(anonymous_17)","decl":{"start":{"line":291,"column":27},"end":{"line":291,"column":28}},"loc":{"start":{"line":291,"column":50},"end":{"line":291,"column":107}},"line":291},"18":{"name":"(anonymous_18)","decl":{"start":{"line":292,"column":33},"end":{"line":292,"column":34}},"loc":{"start":{"line":292,"column":56},"end":{"line":292,"column":119}},"line":292},"19":{"name":"(anonymous_19)","decl":{"start":{"line":293,"column":28},"end":{"line":293,"column":29}},"loc":{"start":{"line":293,"column":51},"end":{"line":293,"column":101}},"line":293},"20":{"name":"(anonymous_20)","decl":{"start":{"line":295,"column":28},"end":{"line":295,"column":29}},"loc":{"start":{"line":295,"column":51},"end":{"line":295,"column":102}},"line":295},"21":{"name":"(anonymous_21)","decl":{"start":{"line":296,"column":26},"end":{"line":296,"column":27}},"loc":{"start":{"line":296,"column":49},"end":{"line":296,"column":98}},"line":296},"22":{"name":"(anonymous_22)","decl":{"start":{"line":297,"column":34},"end":{"line":297,"column":35}},"loc":{"start":{"line":297,"column":57},"end":{"line":297,"column":114}},"line":297},"23":{"name":"(anonymous_23)","decl":{"start":{"line":298,"column":40},"end":{"line":298,"column":41}},"loc":{"start":{"line":298,"column":63},"end":{"line":298,"column":126}},"line":298},"24":{"name":"(anonymous_24)","decl":{"start":{"line":299,"column":35},"end":{"line":299,"column":36}},"loc":{"start":{"line":299,"column":58},"end":{"line":299,"column":120}},"line":299},"25":{"name":"(anonymous_25)","decl":{"start":{"line":302,"column":32},"end":{"line":302,"column":33}},"loc":{"start":{"line":302,"column":55},"end":{"line":302,"column":110}},"line":302},"26":{"name":"(anonymous_26)","decl":{"start":{"line":303,"column":30},"end":{"line":303,"column":31}},"loc":{"start":{"line":303,"column":53},"end":{"line":303,"column":106}},"line":303},"27":{"name":"(anonymous_27)","decl":{"start":{"line":304,"column":38},"end":{"line":304,"column":39}},"loc":{"start":{"line":304,"column":61},"end":{"line":304,"column":122}},"line":304},"28":{"name":"(anonymous_28)","decl":{"start":{"line":305,"column":39},"end":{"line":305,"column":40}},"loc":{"start":{"line":305,"column":62},"end":{"line":305,"column":124}},"line":305},"29":{"name":"(anonymous_29)","decl":{"start":{"line":308,"column":23},"end":{"line":308,"column":24}},"loc":{"start":{"line":308,"column":46},"end":{"line":308,"column":101}},"line":308},"30":{"name":"(anonymous_30)","decl":{"start":{"line":309,"column":24},"end":{"line":309,"column":25}},"loc":{"start":{"line":309,"column":47},"end":{"line":309,"column":91}},"line":309},"31":{"name":"(anonymous_31)","decl":{"start":{"line":311,"column":26},"end":{"line":311,"column":27}},"loc":{"start":{"line":311,"column":49},"end":{"line":311,"column":102}},"line":311},"32":{"name":"(anonymous_32)","decl":{"start":{"line":312,"column":29},"end":{"line":312,"column":30}},"loc":{"start":{"line":312,"column":52},"end":{"line":312,"column":111}},"line":312},"33":{"name":"(anonymous_33)","decl":{"start":{"line":313,"column":21},"end":{"line":313,"column":22}},"loc":{"start":{"line":313,"column":44},"end":{"line":313,"column":87}},"line":313},"34":{"name":"(anonymous_34)","decl":{"start":{"line":314,"column":25},"end":{"line":314,"column":26}},"loc":{"start":{"line":314,"column":48},"end":{"line":314,"column":95}},"line":314},"35":{"name":"(anonymous_35)","decl":{"start":{"line":316,"column":27},"end":{"line":316,"column":28}},"loc":{"start":{"line":316,"column":50},"end":{"line":316,"column":97}},"line":316},"36":{"name":"(anonymous_36)","decl":{"start":{"line":317,"column":25},"end":{"line":317,"column":26}},"loc":{"start":{"line":317,"column":48},"end":{"line":317,"column":93}},"line":317},"37":{"name":"(anonymous_37)","decl":{"start":{"line":318,"column":21},"end":{"line":318,"column":22}},"loc":{"start":{"line":318,"column":44},"end":{"line":318,"column":85}},"line":318},"38":{"name":"(anonymous_38)","decl":{"start":{"line":319,"column":22},"end":{"line":319,"column":23}},"loc":{"start":{"line":319,"column":45},"end":{"line":319,"column":87}},"line":319}},"branchMap":{"0":{"loc":{"start":{"line":86,"column":4},"end":{"line":248,"column":5}},"type":"if","locations":[{"start":{"line":86,"column":4},"end":{"line":248,"column":5}},{"start":{},"end":{}}],"line":86},"1":{"loc":{"start":{"line":86,"column":8},"end":{"line":86,"column":41}},"type":"binary-expr","locations":[{"start":{"line":86,"column":8},"end":{"line":86,"column":23}},{"start":{"line":86,"column":27},"end":{"line":86,"column":41}}],"line":86},"2":{"loc":{"start":{"line":93,"column":12},"end":{"line":105,"column":13}},"type":"if","locations":[{"start":{"line":93,"column":12},"end":{"line":105,"column":13}},{"start":{},"end":{}}],"line":93},"3":{"loc":{"start":{"line":119,"column":12},"end":{"line":121,"column":13}},"type":"if","locations":[{"start":{"line":119,"column":12},"end":{"line":121,"column":13}},{"start":{},"end":{}}],"line":119},"4":{"loc":{"start":{"line":119,"column":16},"end":{"line":119,"column":52}},"type":"binary-expr","locations":[{"start":{"line":119,"column":16},"end":{"line":119,"column":23}},{"start":{"line":119,"column":27},"end":{"line":119,"column":52}}],"line":119},"5":{"loc":{"start":{"line":125,"column":12},"end":{"line":192,"column":13}},"type":"if","locations":[{"start":{"line":125,"column":12},"end":{"line":192,"column":13}},{"start":{"line":164,"column":19},"end":{"line":192,"column":13}}],"line":125},"6":{"loc":{"start":{"line":164,"column":19},"end":{"line":192,"column":13}},"type":"if","locations":[{"start":{"line":164,"column":19},"end":{"line":192,"column":13}},{"start":{"line":182,"column":19},"end":{"line":192,"column":13}}],"line":164},"7":{"loc":{"start":{"line":182,"column":19},"end":{"line":192,"column":13}},"type":"if","locations":[{"start":{"line":182,"column":19},"end":{"line":192,"column":13}},{"start":{},"end":{}}],"line":182},"8":{"loc":{"start":{"line":195,"column":44},"end":{"line":195,"column":61}},"type":"default-arg","locations":[{"start":{"line":195,"column":56},"end":{"line":195,"column":61}}],"line":195},"9":{"loc":{"start":{"line":196,"column":16},"end":{"line":202,"column":17}},"type":"if","locations":[{"start":{"line":196,"column":16},"end":{"line":202,"column":17}},{"start":{},"end":{}}],"line":196},"10":{"loc":{"start":{"line":197,"column":20},"end":{"line":198,"column":53}},"type":"binary-expr","locations":[{"start":{"line":197,"column":20},"end":{"line":197,"column":30}},{"start":{"line":197,"column":34},"end":{"line":197,"column":39}},{"start":{"line":198,"column":20},"end":{"line":198,"column":39}},{"start":{"line":198,"column":43},"end":{"line":198,"column":53}}],"line":197},"11":{"loc":{"start":{"line":200,"column":45},"end":{"line":200,"column":84}},"type":"cond-expr","locations":[{"start":{"line":200,"column":67},"end":{"line":200,"column":73}},{"start":{"line":200,"column":76},"end":{"line":200,"column":84}}],"line":200},"12":{"loc":{"start":{"line":200,"column":45},"end":{"line":200,"column":64}},"type":"binary-expr","locations":[{"start":{"line":200,"column":45},"end":{"line":200,"column":54}},{"start":{"line":200,"column":58},"end":{"line":200,"column":64}}],"line":200},"13":{"loc":{"start":{"line":206,"column":43},"end":{"line":206,"column":60}},"type":"default-arg","locations":[{"start":{"line":206,"column":55},"end":{"line":206,"column":60}}],"line":206},"14":{"loc":{"start":{"line":208,"column":12},"end":{"line":241,"column":13}},"type":"if","locations":[{"start":{"line":208,"column":12},"end":{"line":241,"column":13}},{"start":{"line":211,"column":19},"end":{"line":241,"column":13}}],"line":208},"15":{"loc":{"start":{"line":226,"column":16},"end":{"line":240,"column":17}},"type":"if","locations":[{"start":{"line":226,"column":16},"end":{"line":240,"column":17}},{"start":{"line":237,"column":23},"end":{"line":240,"column":17}}],"line":226},"16":{"loc":{"start":{"line":252,"column":0},"end":{"line":268,"column":1}},"type":"if","locations":[{"start":{"line":252,"column":0},"end":{"line":268,"column":1}},{"start":{"line":256,"column":7},"end":{"line":268,"column":1}}],"line":252},"17":{"loc":{"start":{"line":259,"column":8},"end":{"line":265,"column":9}},"type":"if","locations":[{"start":{"line":259,"column":8},"end":{"line":265,"column":9}},{"start":{"line":263,"column":15},"end":{"line":265,"column":9}}],"line":259},"18":{"loc":{"start":{"line":272,"column":4},"end":{"line":278,"column":5}},"type":"if","locations":[{"start":{"line":272,"column":4},"end":{"line":278,"column":5}},{"start":{},"end":{}}],"line":272},"19":{"loc":{"start":{"line":272,"column":8},"end":{"line":272,"column":27}},"type":"binary-expr","locations":[{"start":{"line":272,"column":8},"end":{"line":272,"column":16}},{"start":{"line":272,"column":20},"end":{"line":272,"column":27}}],"line":272},"20":{"loc":{"start":{"line":286,"column":26},"end":{"line":286,"column":43}},"type":"default-arg","locations":[{"start":{"line":286,"column":38},"end":{"line":286,"column":43}}],"line":286},"21":{"loc":{"start":{"line":287,"column":22},"end":{"line":287,"column":39}},"type":"default-arg","locations":[{"start":{"line":287,"column":34},"end":{"line":287,"column":39}}],"line":287},"22":{"loc":{"start":{"line":288,"column":20},"end":{"line":288,"column":37}},"type":"default-arg","locations":[{"start":{"line":288,"column":32},"end":{"line":288,"column":37}}],"line":288},"23":{"loc":{"start":{"line":291,"column":28},"end":{"line":291,"column":45}},"type":"default-arg","locations":[{"start":{"line":291,"column":40},"end":{"line":291,"column":45}}],"line":291},"24":{"loc":{"start":{"line":292,"column":34},"end":{"line":292,"column":51}},"type":"default-arg","locations":[{"start":{"line":292,"column":46},"end":{"line":292,"column":51}}],"line":292},"25":{"loc":{"start":{"line":293,"column":29},"end":{"line":293,"column":46}},"type":"default-arg","locations":[{"start":{"line":293,"column":41},"end":{"line":293,"column":46}}],"line":293},"26":{"loc":{"start":{"line":295,"column":29},"end":{"line":295,"column":46}},"type":"default-arg","locations":[{"start":{"line":295,"column":41},"end":{"line":295,"column":46}}],"line":295},"27":{"loc":{"start":{"line":296,"column":27},"end":{"line":296,"column":44}},"type":"default-arg","locations":[{"start":{"line":296,"column":39},"end":{"line":296,"column":44}}],"line":296},"28":{"loc":{"start":{"line":297,"column":35},"end":{"line":297,"column":52}},"type":"default-arg","locations":[{"start":{"line":297,"column":47},"end":{"line":297,"column":52}}],"line":297},"29":{"loc":{"start":{"line":298,"column":41},"end":{"line":298,"column":58}},"type":"default-arg","locations":[{"start":{"line":298,"column":53},"end":{"line":298,"column":58}}],"line":298},"30":{"loc":{"start":{"line":299,"column":36},"end":{"line":299,"column":53}},"type":"default-arg","locations":[{"start":{"line":299,"column":48},"end":{"line":299,"column":53}}],"line":299},"31":{"loc":{"start":{"line":302,"column":33},"end":{"line":302,"column":50}},"type":"default-arg","locations":[{"start":{"line":302,"column":45},"end":{"line":302,"column":50}}],"line":302},"32":{"loc":{"start":{"line":303,"column":31},"end":{"line":303,"column":48}},"type":"default-arg","locations":[{"start":{"line":303,"column":43},"end":{"line":303,"column":48}}],"line":303},"33":{"loc":{"start":{"line":304,"column":39},"end":{"line":304,"column":56}},"type":"default-arg","locations":[{"start":{"line":304,"column":51},"end":{"line":304,"column":56}}],"line":304},"34":{"loc":{"start":{"line":305,"column":40},"end":{"line":305,"column":57}},"type":"default-arg","locations":[{"start":{"line":305,"column":52},"end":{"line":305,"column":57}}],"line":305},"35":{"loc":{"start":{"line":308,"column":24},"end":{"line":308,"column":41}},"type":"default-arg","locations":[{"start":{"line":308,"column":36},"end":{"line":308,"column":41}}],"line":308},"36":{"loc":{"start":{"line":309,"column":25},"end":{"line":309,"column":42}},"type":"default-arg","locations":[{"start":{"line":309,"column":37},"end":{"line":309,"column":42}}],"line":309},"37":{"loc":{"start":{"line":311,"column":27},"end":{"line":311,"column":44}},"type":"default-arg","locations":[{"start":{"line":311,"column":39},"end":{"line":311,"column":44}}],"line":311},"38":{"loc":{"start":{"line":312,"column":30},"end":{"line":312,"column":47}},"type":"default-arg","locations":[{"start":{"line":312,"column":42},"end":{"line":312,"column":47}}],"line":312},"39":{"loc":{"start":{"line":313,"column":22},"end":{"line":313,"column":39}},"type":"default-arg","locations":[{"start":{"line":313,"column":34},"end":{"line":313,"column":39}}],"line":313},"40":{"loc":{"start":{"line":314,"column":26},"end":{"line":314,"column":43}},"type":"default-arg","locations":[{"start":{"line":314,"column":38},"end":{"line":314,"column":43}}],"line":314},"41":{"loc":{"start":{"line":316,"column":28},"end":{"line":316,"column":45}},"type":"default-arg","locations":[{"start":{"line":316,"column":40},"end":{"line":316,"column":45}}],"line":316},"42":{"loc":{"start":{"line":317,"column":26},"end":{"line":317,"column":43}},"type":"default-arg","locations":[{"start":{"line":317,"column":38},"end":{"line":317,"column":43}}],"line":317},"43":{"loc":{"start":{"line":318,"column":22},"end":{"line":318,"column":39}},"type":"default-arg","locations":[{"start":{"line":318,"column":34},"end":{"line":318,"column":39}}],"line":318},"44":{"loc":{"start":{"line":319,"column":23},"end":{"line":319,"column":40}},"type":"default-arg","locations":[{"start":{"line":319,"column":35},"end":{"line":319,"column":40}}],"line":319}},"s":{"0":0,"1":0,"2":0,"3":0,"4":0,"5":0,"6":0,"7":0,"8":0,"9":0,"10":0,"11":0,"12":0,"13":0,"14":0,"15":0,"16":0,"17":0,"18":0,"19":0,"20":0,"21":0,"22":0,"23":0,"24":0,"25":0,"26":0,"27":0,"28":0,"29":0,"30":0,"31":0,"32":0,"33":0,"34":0,"35":0,"36":0,"37":0,"38":0,"39":0,"40":0,"41":0,"42":0,"43":0,"44":0,"45":0,"46":0,"47":0,"48":0,"49":0,"50":0,"51":0,"52":0,"53":0,"54":0,"55":0,"56":0,"57":0,"58":0,"59":0,"60":0,"61":0,"62":0,"63":0,"64":0,"65":0,"66":0,"67":0,"68":0,"69":0,"70":0,"71":0,"72":0,"73":0,"74":0,"75":0,"76":0,"77":0,"78":0,"79":0,"80":0,"81":0,"82":0,"83":0,"84":0,"85":0,"86":0,"87":0,"88":0,"89":0,"90":0,"91":0,"92":0,"93":0,"94":0,"95":0,"96":0,"97":0,"98":0,"99":0,"100":0,"101":0,"102":0,"103":0,"104":0,"105":0,"106":0,"107":0,"108":0,"109":0,"110":0,"111":0,"112":0,"113":0,"114":0,"115":0,"116":0,"117":0,"118":0,"119":0,"120":0,"121":0,"122":0,"123":0,"124":0,"125":0,"126":0,"127":0,"128":0,"129":0,"130":0,"131":0,"132":0,"133":0,"134":0,"135":0},"f":{"0":0,"1":0,"2":0,"3":0,"4":0,"5":0,"6":0,"7":0,"8":0,"9":0,"10":0,"11":0,"12":0,"13":0,"14":0,"15":0,"16":0,"17":0,"18":0,"19":0,"20":0,"21":0,"22":0,"23":0,"24":0,"25":0,"26":0,"27":0,"28":0,"29":0,"30":0,"31":0,"32":0,"33":0,"34":0,"35":0,"36":0,"37":0,"38":0},"b":{"0":[0,0],"1":[0,0],"2":[0,0],"3":[0,0],"4":[0,0],"5":[0,0],"6":[0,0],"7":[0,0],"8":[0],"9":[0,0],"10":[0,0,0,0],"11":[0,0],"12":[0,0],"13":[0],"14":[0,0],"15":[0,0],"16":[0,0],"17":[0,0],"18":[0,0],"19":[0,0],"20":[0],"21":[0],"22":[0],"23":[0],"24":[0],"25":[0],"26":[0],"27":[0],"28":[0],"29":[0],"30":[0],"31":[0],"32":[0],"33":[0],"34":[0],"35":[0],"36":[0],"37":[0],"38":[0],"39":[0],"40":[0],"41":[0],"42":[0],"43":[0],"44":[0]}}
,"/workspace/src/store/init/onboard.js": {"path":"/workspace/src/store/init/onboard.js","statementMap":{"0":{"start":{"line":16,"column":23},"end":{"line":16,"column":125}},"1":{"start":{"line":18,"column":17},"end":{"line":18,"column":33}},"2":{"start":{"line":20,"column":16},"end":{"line":33,"column":2}},"3":{"start":{"line":122,"column":0},"end":{"line":122,"column":25}},"4":{"start":{"line":124,"column":17},"end":{"line":124,"column":46}},"5":{"start":{"line":125,"column":2},"end":{"line":125,"column":44}},"6":{"start":{"line":127,"column":17},"end":{"line":127,"column":28}},"7":{"start":{"line":128,"column":2},"end":{"line":140,"column":3}},"8":{"start":{"line":129,"column":21},"end":{"line":129,"column":64}},"9":{"start":{"line":130,"column":6},"end":{"line":130,"column":39}},"10":{"start":{"line":131,"column":6},"end":{"line":131,"column":50}},"11":{"start":{"line":132,"column":6},"end":{"line":132,"column":46}},"12":{"start":{"line":133,"column":6},"end":{"line":133,"column":69}},"13":{"start":{"line":134,"column":6},"end":{"line":134,"column":50}},"14":{"start":{"line":135,"column":6},"end":{"line":135,"column":59}},"15":{"start":{"line":136,"column":6},"end":{"line":136,"column":60}},"16":{"start":{"line":138,"column":22},"end":{"line":138,"column":53}},"17":{"start":{"line":139,"column":6},"end":{"line":139,"column":46}},"18":{"start":{"line":139,"column":30},"end":{"line":139,"column":45}}},"fnMap":{"0":{"name":"changeWallets","decl":{"start":{"line":123,"column":22},"end":{"line":123,"column":35}},"loc":{"start":{"line":123,"column":38},"end":{"line":141,"column":1}},"line":123},"1":{"name":"(anonymous_1)","decl":{"start":{"line":139,"column":24},"end":{"line":139,"column":25}},"loc":{"start":{"line":139,"column":30},"end":{"line":139,"column":45}},"line":139}},"branchMap":{"0":{"loc":{"start":{"line":16,"column":23},"end":{"line":16,"column":125}},"type":"binary-expr","locations":[{"start":{"line":16,"column":23},"end":{"line":16,"column":50}},{"start":{"line":16,"column":54},"end":{"line":16,"column":125}}],"line":16},"1":{"loc":{"start":{"line":128,"column":2},"end":{"line":140,"column":3}},"type":"if","locations":[{"start":{"line":128,"column":2},"end":{"line":140,"column":3}},{"start":{},"end":{}}],"line":128}},"s":{"0":0,"1":0,"2":0,"3":0,"4":0,"5":0,"6":0,"7":0,"8":0,"9":0,"10":0,"11":0,"12":0,"13":0,"14":0,"15":0,"16":0,"17":0,"18":0},"f":{"0":0,"1":0},"b":{"0":[0,0],"1":[0,0]}}
,"/workspace/src/store/modules/module.js": {"path":"/workspace/src/store/modules/module.js","statementMap":{"0":{"start":{"line":3,"column":14},"end":{"line":8,"column":1}},"1":{"start":{"line":9,"column":17},"end":{"line":25,"column":1}},"2":{"start":{"line":27,"column":16},"end":{"line":33,"column":1}},"3":{"start":{"line":28,"column":26},"end":{"line":28,"column":39}},"4":{"start":{"line":29,"column":23},"end":{"line":29,"column":58}},"5":{"start":{"line":30,"column":29},"end":{"line":30,"column":49}},"6":{"start":{"line":31,"column":25},"end":{"line":31,"column":48}},"7":{"start":{"line":32,"column":27},"end":{"line":32,"column":40}},"8":{"start":{"line":35,"column":16},"end":{"line":54,"column":1}},"9":{"start":{"line":37,"column":8},"end":{"line":37,"column":29}},"10":{"start":{"line":40,"column":8},"end":{"line":40,"column":38}},"11":{"start":{"line":43,"column":8},"end":{"line":43,"column":32}},"12":{"start":{"line":46,"column":8},"end":{"line":46,"column":49}},"13":{"start":{"line":49,"column":8},"end":{"line":49,"column":36}},"14":{"start":{"line":52,"column":8},"end":{"line":52,"column":38}},"15":{"start":{"line":56,"column":18},"end":{"line":67,"column":1}},"16":{"start":{"line":58,"column":8},"end":{"line":58,"column":31}},"17":{"start":{"line":61,"column":8},"end":{"line":61,"column":29}},"18":{"start":{"line":63,"column":48},"end":{"line":63,"column":82}},"19":{"start":{"line":64,"column":35},"end":{"line":64,"column":60}},"20":{"start":{"line":65,"column":37},"end":{"line":65,"column":60}},"21":{"start":{"line":66,"column":37},"end":{"line":66,"column":60}}},"fnMap":{"0":{"name":"(anonymous_0)","decl":{"start":{"line":28,"column":17},"end":{"line":28,"column":18}},"loc":{"start":{"line":28,"column":26},"end":{"line":28,"column":39}},"line":28},"1":{"name":"(anonymous_1)","decl":{"start":{"line":29,"column":12},"end":{"line":29,"column":13}},"loc":{"start":{"line":29,"column":21},"end":{"line":29,"column":60}},"line":29},"2":{"name":"(anonymous_2)","decl":{"start":{"line":30,"column":20},"end":{"line":30,"column":21}},"loc":{"start":{"line":30,"column":29},"end":{"line":30,"column":49}},"line":30},"3":{"name":"(anonymous_3)","decl":{"start":{"line":31,"column":16},"end":{"line":31,"column":17}},"loc":{"start":{"line":31,"column":25},"end":{"line":31,"column":48}},"line":31},"4":{"name":"(anonymous_4)","decl":{"start":{"line":32,"column":18},"end":{"line":32,"column":19}},"loc":{"start":{"line":32,"column":27},"end":{"line":32,"column":40}},"line":32},"5":{"name":"(anonymous_5)","decl":{"start":{"line":36,"column":4},"end":{"line":36,"column":5}},"loc":{"start":{"line":36,"column":23},"end":{"line":38,"column":5}},"line":36},"6":{"name":"(anonymous_6)","decl":{"start":{"line":39,"column":4},"end":{"line":39,"column":5}},"loc":{"start":{"line":39,"column":43},"end":{"line":41,"column":5}},"line":39},"7":{"name":"(anonymous_7)","decl":{"start":{"line":42,"column":4},"end":{"line":42,"column":5}},"loc":{"start":{"line":42,"column":21},"end":{"line":44,"column":5}},"line":42},"8":{"name":"(anonymous_8)","decl":{"start":{"line":45,"column":4},"end":{"line":45,"column":5}},"loc":{"start":{"line":45,"column":47},"end":{"line":47,"column":5}},"line":45},"9":{"name":"(anonymous_9)","decl":{"start":{"line":48,"column":4},"end":{"line":48,"column":5}},"loc":{"start":{"line":48,"column":34},"end":{"line":50,"column":5}},"line":48},"10":{"name":"(anonymous_10)","decl":{"start":{"line":51,"column":4},"end":{"line":51,"column":5}},"loc":{"start":{"line":51,"column":36},"end":{"line":53,"column":5}},"line":51},"11":{"name":"(anonymous_11)","decl":{"start":{"line":57,"column":16},"end":{"line":57,"column":17}},"loc":{"start":{"line":57,"column":36},"end":{"line":59,"column":5}},"line":57},"12":{"name":"(anonymous_12)","decl":{"start":{"line":60,"column":19},"end":{"line":60,"column":20}},"loc":{"start":{"line":60,"column":30},"end":{"line":62,"column":5}},"line":60},"13":{"name":"(anonymous_13)","decl":{"start":{"line":63,"column":23},"end":{"line":63,"column":24}},"loc":{"start":{"line":63,"column":48},"end":{"line":63,"column":82}},"line":63},"14":{"name":"(anonymous_14)","decl":{"start":{"line":64,"column":15},"end":{"line":64,"column":16}},"loc":{"start":{"line":64,"column":35},"end":{"line":64,"column":60}},"line":64},"15":{"name":"(anonymous_15)","decl":{"start":{"line":65,"column":16},"end":{"line":65,"column":17}},"loc":{"start":{"line":65,"column":37},"end":{"line":65,"column":60}},"line":65},"16":{"name":"(anonymous_16)","decl":{"start":{"line":66,"column":16},"end":{"line":66,"column":17}},"loc":{"start":{"line":66,"column":37},"end":{"line":66,"column":60}},"line":66}},"branchMap":{"0":{"loc":{"start":{"line":29,"column":30},"end":{"line":29,"column":58}},"type":"cond-expr","locations":[{"start":{"line":29,"column":46},"end":{"line":29,"column":50}},{"start":{"line":29,"column":53},"end":{"line":29,"column":58}}],"line":29}},"s":{"0":0,"1":0,"2":0,"3":0,"4":0,"5":0,"6":0,"7":0,"8":0,"9":0,"10":0,"11":0,"12":0,"13":0,"14":0,"15":0,"16":0,"17":0,"18":0,"19":0,"20":0,"21":0},"f":{"0":0,"1":0,"2":0,"3":0,"4":0,"5":0,"6":0,"7":0,"8":0,"9":0,"10":0,"11":0,"12":0,"13":0,"14":0,"15":0,"16":0},"b":{"0":[0,0]}}
,"/workspace/src/utils/coingecko.js": {"path":"/workspace/src/utils/coingecko.js","statementMap":{"0":{"start":{"line":3,"column":15},"end":{"line":3,"column":50}},"1":{"start":{"line":6,"column":21},"end":{"line":6,"column":76}},"2":{"start":{"line":7,"column":19},"end":{"line":7,"column":44}},"3":{"start":{"line":8,"column":23},"end":{"line":8,"column":48}},"4":{"start":{"line":9,"column":4},"end":{"line":9,"column":22}}},"fnMap":{"0":{"name":"priceInUsdAsync","decl":{"start":{"line":5,"column":22},"end":{"line":5,"column":37}},"loc":{"start":{"line":5,"column":46},"end":{"line":10,"column":1}},"line":5}},"branchMap":{},"s":{"0":0,"1":0,"2":0,"3":0,"4":0},"f":{"0":0},"b":{}}
,"/workspace/src/utils/common.js": {"path":"/workspace/src/utils/common.js","statementMap":{"0":{"start":{"line":8,"column":35},"end":{"line":57,"column":1}},"1":{"start":{"line":9,"column":2},"end":{"line":56,"column":3}},"2":{"start":{"line":11,"column":21},"end":{"line":11,"column":176}},"3":{"start":{"line":12,"column":20},"end":{"line":12,"column":47}},"4":{"start":{"line":14,"column":4},"end":{"line":16,"column":5}},"5":{"start":{"line":15,"column":6},"end":{"line":15,"column":82}},"6":{"start":{"line":19,"column":23},"end":{"line":19,"column":79}},"7":{"start":{"line":20,"column":28},"end":{"line":20,"column":92}},"8":{"start":{"line":23,"column":4},"end":{"line":36,"column":6}},"9":{"start":{"line":39,"column":4},"end":{"line":39,"column":71}},"10":{"start":{"line":41,"column":4},"end":{"line":55,"column":6}},"11":{"start":{"line":61,"column":22},"end":{"line":66,"column":2}},"12":{"start":{"line":69,"column":20},"end":{"line":69,"column":37}},"13":{"start":{"line":70,"column":14},"end":{"line":70,"column":63}},"14":{"start":{"line":71,"column":2},"end":{"line":78,"column":6}},"15":{"start":{"line":71,"column":38},"end":{"line":78,"column":3}},"16":{"start":{"line":73,"column":6},"end":{"line":77,"column":7}},"17":{"start":{"line":82,"column":27},"end":{"line":86,"column":3}},"18":{"start":{"line":88,"column":2},"end":{"line":88,"column":49}},"19":{"start":{"line":92,"column":2},"end":{"line":92,"column":59}},"20":{"start":{"line":92,"column":48},"end":{"line":92,"column":59}},"21":{"start":{"line":93,"column":2},"end":{"line":93,"column":56}},"22":{"start":{"line":97,"column":2},"end":{"line":102,"column":3}},"23":{"start":{"line":98,"column":4},"end":{"line":98,"column":38}},"24":{"start":{"line":100,"column":4},"end":{"line":100,"column":47}},"25":{"start":{"line":101,"column":4},"end":{"line":101,"column":19}}},"fnMap":{"0":{"name":"(anonymous_0)","decl":{"start":{"line":8,"column":35},"end":{"line":8,"column":36}},"loc":{"start":{"line":8,"column":47},"end":{"line":57,"column":1}},"line":8},"1":{"name":"notifyHandler","decl":{"start":{"line":68,"column":16},"end":{"line":68,"column":29}},"loc":{"start":{"line":68,"column":36},"end":{"line":79,"column":1}},"line":68},"2":{"name":"(anonymous_2)","decl":{"start":{"line":71,"column":20},"end":{"line":71,"column":21}},"loc":{"start":{"line":71,"column":38},"end":{"line":78,"column":3}},"line":71},"3":{"name":"(anonymous_3)","decl":{"start":{"line":72,"column":13},"end":{"line":72,"column":14}},"loc":{"start":{"line":73,"column":6},"end":{"line":77,"column":7}},"line":73},"4":{"name":"notifyNotification","decl":{"start":{"line":81,"column":16},"end":{"line":81,"column":34}},"loc":{"start":{"line":81,"column":62},"end":{"line":89,"column":1}},"line":81},"5":{"name":"toWei","decl":{"start":{"line":91,"column":16},"end":{"line":91,"column":21}},"loc":{"start":{"line":91,"column":29},"end":{"line":94,"column":1}},"line":91},"6":{"name":"toChecksumAddress","decl":{"start":{"line":96,"column":16},"end":{"line":96,"column":33}},"loc":{"start":{"line":96,"column":43},"end":{"line":103,"column":1}},"line":96}},"branchMap":{"0":{"loc":{"start":{"line":11,"column":21},"end":{"line":11,"column":176}},"type":"binary-expr","locations":[{"start":{"line":11,"column":21},"end":{"line":11,"column":42}},{"start":{"line":11,"column":46},"end":{"line":11,"column":176}}],"line":11},"1":{"loc":{"start":{"line":11,"column":73},"end":{"line":11,"column":175}},"type":"binary-expr","locations":[{"start":{"line":11,"column":73},"end":{"line":11,"column":100}},{"start":{"line":11,"column":104},"end":{"line":11,"column":175}}],"line":11},"2":{"loc":{"start":{"line":14,"column":4},"end":{"line":16,"column":5}},"type":"if","locations":[{"start":{"line":14,"column":4},"end":{"line":16,"column":5}},{"start":{},"end":{}}],"line":14},"3":{"loc":{"start":{"line":14,"column":8},"end":{"line":14,"column":62}},"type":"binary-expr","locations":[{"start":{"line":14,"column":8},"end":{"line":14,"column":29}},{"start":{"line":14,"column":33},"end":{"line":14,"column":62}}],"line":14},"4":{"loc":{"start":{"line":70,"column":14},"end":{"line":70,"column":63}},"type":"cond-expr","locations":[{"start":{"line":70,"column":49},"end":{"line":70,"column":58}},{"start":{"line":70,"column":61},"end":{"line":70,"column":63}}],"line":70},"5":{"loc":{"start":{"line":81,"column":44},"end":{"line":81,"column":60}},"type":"default-arg","locations":[{"start":{"line":81,"column":51},"end":{"line":81,"column":60}}],"line":81},"6":{"loc":{"start":{"line":92,"column":2},"end":{"line":92,"column":59}},"type":"if","locations":[{"start":{"line":92,"column":2},"end":{"line":92,"column":59}},{"start":{},"end":{}}],"line":92},"7":{"loc":{"start":{"line":92,"column":6},"end":{"line":92,"column":46}},"type":"binary-expr","locations":[{"start":{"line":92,"column":6},"end":{"line":92,"column":12}},{"start":{"line":92,"column":16},"end":{"line":92,"column":26}},{"start":{"line":92,"column":30},"end":{"line":92,"column":46}}],"line":92}},"s":{"0":0,"1":0,"2":0,"3":0,"4":0,"5":0,"6":0,"7":0,"8":0,"9":0,"10":0,"11":0,"12":0,"13":0,"14":0,"15":0,"16":0,"17":0,"18":0,"19":0,"20":0,"21":0,"22":0,"23":0,"24":0,"25":0},"f":{"0":0,"1":0,"2":0,"3":0,"4":0,"5":0,"6":0},"b":{"0":[0,0],"1":[0,0],"2":[0,0],"3":[0,0],"4":[0,0],"5":[0],"6":[0,0],"7":[0,0,0]}}
,"/workspace/src/utils/helpers.js": {"path":"/workspace/src/utils/helpers.js","statementMap":{"0":{"start":{"line":6,"column":16},"end":{"line":8,"column":1}},"1":{"start":{"line":7,"column":4},"end":{"line":7,"column":61}},"2":{"start":{"line":7,"column":36},"end":{"line":7,"column":59}},"3":{"start":{"line":12,"column":8},"end":{"line":12,"column":24}},"4":{"start":{"line":15,"column":8},"end":{"line":15,"column":40}},"5":{"start":{"line":18,"column":8},"end":{"line":20,"column":9}},"6":{"start":{"line":19,"column":12},"end":{"line":19,"column":19}},"7":{"start":{"line":21,"column":8},"end":{"line":29,"column":9}},"8":{"start":{"line":22,"column":12},"end":{"line":24,"column":13}},"9":{"start":{"line":23,"column":16},"end":{"line":23,"column":45}},"10":{"start":{"line":25,"column":12},"end":{"line":25,"column":24}},"11":{"start":{"line":26,"column":12},"end":{"line":28,"column":26}},"12":{"start":{"line":27,"column":16},"end":{"line":27,"column":28}},"13":{"start":{"line":32,"column":8},"end":{"line":36,"column":9}},"14":{"start":{"line":33,"column":12},"end":{"line":35,"column":13}},"15":{"start":{"line":34,"column":16},"end":{"line":34,"column":45}},"16":{"start":{"line":39,"column":0},"end":{"line":39,"column":41}},"17":{"start":{"line":40,"column":0},"end":{"line":40,"column":33}}},"fnMap":{"0":{"name":"(anonymous_0)","decl":{"start":{"line":6,"column":16},"end":{"line":6,"column":17}},"loc":{"start":{"line":6,"column":24},"end":{"line":8,"column":1}},"line":6},"1":{"name":"(anonymous_1)","decl":{"start":{"line":7,"column":23},"end":{"line":7,"column":24}},"loc":{"start":{"line":7,"column":36},"end":{"line":7,"column":59}},"line":7},"2":{"name":"(anonymous_2)","decl":{"start":{"line":11,"column":4},"end":{"line":11,"column":5}},"loc":{"start":{"line":11,"column":18},"end":{"line":13,"column":5}},"line":11},"3":{"name":"(anonymous_3)","decl":{"start":{"line":14,"column":4},"end":{"line":14,"column":5}},"loc":{"start":{"line":14,"column":31},"end":{"line":16,"column":5}},"line":14},"4":{"name":"(anonymous_4)","decl":{"start":{"line":17,"column":4},"end":{"line":17,"column":5}},"loc":{"start":{"line":17,"column":10},"end":{"line":30,"column":5}},"line":17},"5":{"name":"(anonymous_5)","decl":{"start":{"line":26,"column":40},"end":{"line":26,"column":41}},"loc":{"start":{"line":26,"column":46},"end":{"line":28,"column":13}},"line":26},"6":{"name":"(anonymous_6)","decl":{"start":{"line":31,"column":4},"end":{"line":31,"column":5}},"loc":{"start":{"line":31,"column":11},"end":{"line":37,"column":5}},"line":31}},"branchMap":{"0":{"loc":{"start":{"line":14,"column":18},"end":{"line":14,"column":29}},"type":"default-arg","locations":[{"start":{"line":14,"column":25},"end":{"line":14,"column":29}}],"line":14},"1":{"loc":{"start":{"line":18,"column":8},"end":{"line":20,"column":9}},"type":"if","locations":[{"start":{"line":18,"column":8},"end":{"line":20,"column":9}},{"start":{},"end":{}}],"line":18},"2":{"loc":{"start":{"line":22,"column":12},"end":{"line":24,"column":13}},"type":"if","locations":[{"start":{"line":22,"column":12},"end":{"line":24,"column":13}},{"start":{},"end":{}}],"line":22},"3":{"loc":{"start":{"line":33,"column":12},"end":{"line":35,"column":13}},"type":"if","locations":[{"start":{"line":33,"column":12},"end":{"line":35,"column":13}},{"start":{},"end":{}}],"line":33}},"s":{"0":0,"1":0,"2":0,"3":0,"4":0,"5":0,"6":0,"7":0,"8":0,"9":0,"10":0,"11":0,"12":0,"13":0,"14":0,"15":0,"16":0,"17":0},"f":{"0":0,"1":0,"2":0,"3":0,"4":0,"5":0,"6":0},"b":{"0":[0],"1":[0,0],"2":[0,0],"3":[0,0]}}
,"/workspace/src/utils/markdown.js": {"path":"/workspace/src/utils/markdown.js","statementMap":{"0":{"start":{"line":4,"column":0},"end":{"line":11,"column":3}},"1":{"start":{"line":14,"column":17},"end":{"line":14,"column":38}},"2":{"start":{"line":17,"column":15},"end":{"line":17,"column":96}},"3":{"start":{"line":17,"column":25},"end":{"line":17,"column":96}},"4":{"start":{"line":20,"column":19},"end":{"line":29,"column":1}},"5":{"start":{"line":21,"column":14},"end":{"line":27,"column":3}},"6":{"start":{"line":28,"column":2},"end":{"line":28,"column":47}},"7":{"start":{"line":28,"column":39},"end":{"line":28,"column":45}},"8":{"start":{"line":32,"column":0},"end":{"line":33,"column":81}},"9":{"start":{"line":33,"column":2},"end":{"line":33,"column":80}},"10":{"start":{"line":36,"column":0},"end":{"line":39,"column":10}},"11":{"start":{"line":36,"column":36},"end":{"line":39,"column":9}},"12":{"start":{"line":42,"column":0},"end":{"line":42,"column":90}},"13":{"start":{"line":42,"column":30},"end":{"line":42,"column":89}},"14":{"start":{"line":45,"column":0},"end":{"line":45,"column":95}},"15":{"start":{"line":45,"column":33},"end":{"line":45,"column":94}},"16":{"start":{"line":48,"column":0},"end":{"line":53,"column":10}},"17":{"start":{"line":48,"column":35},"end":{"line":53,"column":9}},"18":{"start":{"line":55,"column":0},"end":{"line":55,"column":80}},"19":{"start":{"line":55,"column":33},"end":{"line":55,"column":79}},"20":{"start":{"line":56,"column":0},"end":{"line":61,"column":2}},"21":{"start":{"line":57,"column":14},"end":{"line":57,"column":40}},"22":{"start":{"line":58,"column":14},"end":{"line":58,"column":68}},"23":{"start":{"line":59,"column":16},"end":{"line":59,"column":72}},"24":{"start":{"line":60,"column":2},"end":{"line":60,"column":62}},"25":{"start":{"line":64,"column":0},"end":{"line":69,"column":2}},"26":{"start":{"line":65,"column":14},"end":{"line":65,"column":35}},"27":{"start":{"line":66,"column":14},"end":{"line":66,"column":67}},"28":{"start":{"line":67,"column":20},"end":{"line":67,"column":69}},"29":{"start":{"line":68,"column":2},"end":{"line":68,"column":65}},"30":{"start":{"line":71,"column":0},"end":{"line":71,"column":74}},"31":{"start":{"line":71,"column":30},"end":{"line":71,"column":73}},"32":{"start":{"line":74,"column":0},"end":{"line":74,"column":73}},"33":{"start":{"line":74,"column":31},"end":{"line":74,"column":72}},"34":{"start":{"line":77,"column":0},"end":{"line":81,"column":2}},"35":{"start":{"line":78,"column":20},"end":{"line":78,"column":64}},"36":{"start":{"line":79,"column":19},"end":{"line":79,"column":94}},"37":{"start":{"line":80,"column":2},"end":{"line":80,"column":94}},"38":{"start":{"line":84,"column":0},"end":{"line":87,"column":2}},"39":{"start":{"line":85,"column":20},"end":{"line":85,"column":64}},"40":{"start":{"line":86,"column":2},"end":{"line":86,"column":117}},"41":{"start":{"line":90,"column":0},"end":{"line":90,"column":52}},"42":{"start":{"line":90,"column":20},"end":{"line":90,"column":51}},"43":{"start":{"line":93,"column":0},"end":{"line":93,"column":75}},"44":{"start":{"line":93,"column":28},"end":{"line":93,"column":74}},"45":{"start":{"line":96,"column":0},"end":{"line":96,"column":65}},"46":{"start":{"line":96,"column":24},"end":{"line":96,"column":64}},"47":{"start":{"line":99,"column":0},"end":{"line":99,"column":73}},"48":{"start":{"line":99,"column":25},"end":{"line":99,"column":72}},"49":{"start":{"line":103,"column":2},"end":{"line":109,"column":3}},"50":{"start":{"line":104,"column":4},"end":{"line":104,"column":42}},"51":{"start":{"line":106,"column":4},"end":{"line":106,"column":52}},"52":{"start":{"line":108,"column":4},"end":{"line":108,"column":48}}},"fnMap":{"0":{"name":"(anonymous_0)","decl":{"start":{"line":17,"column":15},"end":{"line":17,"column":16}},"loc":{"start":{"line":17,"column":25},"end":{"line":17,"column":96}},"line":17},"1":{"name":"(anonymous_1)","decl":{"start":{"line":20,"column":19},"end":{"line":20,"column":20}},"loc":{"start":{"line":20,"column":29},"end":{"line":29,"column":1}},"line":20},"2":{"name":"(anonymous_2)","decl":{"start":{"line":28,"column":34},"end":{"line":28,"column":35}},"loc":{"start":{"line":28,"column":39},"end":{"line":28,"column":45}},"line":28},"3":{"name":"(anonymous_3)","decl":{"start":{"line":32,"column":19},"end":{"line":32,"column":20}},"loc":{"start":{"line":33,"column":2},"end":{"line":33,"column":80}},"line":33},"4":{"name":"(anonymous_4)","decl":{"start":{"line":36,"column":16},"end":{"line":36,"column":17}},"loc":{"start":{"line":36,"column":36},"end":{"line":39,"column":9}},"line":36},"5":{"name":"(anonymous_5)","decl":{"start":{"line":42,"column":20},"end":{"line":42,"column":21}},"loc":{"start":{"line":42,"column":30},"end":{"line":42,"column":89}},"line":42},"6":{"name":"(anonymous_6)","decl":{"start":{"line":45,"column":22},"end":{"line":45,"column":23}},"loc":{"start":{"line":45,"column":33},"end":{"line":45,"column":94}},"line":45},"7":{"name":"(anonymous_7)","decl":{"start":{"line":48,"column":17},"end":{"line":48,"column":18}},"loc":{"start":{"line":48,"column":35},"end":{"line":53,"column":9}},"line":48},"8":{"name":"(anonymous_8)","decl":{"start":{"line":55,"column":20},"end":{"line":55,"column":21}},"loc":{"start":{"line":55,"column":33},"end":{"line":55,"column":79}},"line":55},"9":{"name":"(anonymous_9)","decl":{"start":{"line":56,"column":21},"end":{"line":56,"column":22}},"loc":{"start":{"line":56,"column":41},"end":{"line":61,"column":1}},"line":56},"10":{"name":"(anonymous_10)","decl":{"start":{"line":64,"column":16},"end":{"line":64,"column":17}},"loc":{"start":{"line":64,"column":42},"end":{"line":69,"column":1}},"line":64},"11":{"name":"(anonymous_11)","decl":{"start":{"line":71,"column":20},"end":{"line":71,"column":21}},"loc":{"start":{"line":71,"column":30},"end":{"line":71,"column":73}},"line":71},"12":{"name":"(anonymous_12)","decl":{"start":{"line":74,"column":21},"end":{"line":74,"column":22}},"loc":{"start":{"line":74,"column":31},"end":{"line":74,"column":72}},"line":74},"13":{"name":"(anonymous_13)","decl":{"start":{"line":77,"column":16},"end":{"line":77,"column":17}},"loc":{"start":{"line":77,"column":39},"end":{"line":81,"column":1}},"line":77},"14":{"name":"(anonymous_14)","decl":{"start":{"line":84,"column":17},"end":{"line":84,"column":18}},"loc":{"start":{"line":84,"column":40},"end":{"line":87,"column":1}},"line":84},"15":{"name":"(anonymous_15)","decl":{"start":{"line":90,"column":14},"end":{"line":90,"column":15}},"loc":{"start":{"line":90,"column":20},"end":{"line":90,"column":51}},"line":90},"16":{"name":"(anonymous_16)","decl":{"start":{"line":93,"column":18},"end":{"line":93,"column":19}},"loc":{"start":{"line":93,"column":28},"end":{"line":93,"column":74}},"line":93},"17":{"name":"(anonymous_17)","decl":{"start":{"line":96,"column":14},"end":{"line":96,"column":15}},"loc":{"start":{"line":96,"column":24},"end":{"line":96,"column":64}},"line":96},"18":{"name":"(anonymous_18)","decl":{"start":{"line":99,"column":15},"end":{"line":99,"column":16}},"loc":{"start":{"line":99,"column":25},"end":{"line":99,"column":72}},"line":99},"19":{"name":"parseMarkdown","decl":{"start":{"line":102,"column":16},"end":{"line":102,"column":29}},"loc":{"start":{"line":102,"column":40},"end":{"line":110,"column":1}},"line":102}},"branchMap":{"0":{"loc":{"start":{"line":37,"column":4},"end":{"line":37,"column":67}},"type":"cond-expr","locations":[{"start":{"line":37,"column":15},"end":{"line":37,"column":62}},{"start":{"line":37,"column":65},"end":{"line":37,"column":67}}],"line":37},"1":{"loc":{"start":{"line":38,"column":31},"end":{"line":38,"column":54}},"type":"binary-expr","locations":[{"start":{"line":38,"column":31},"end":{"line":38,"column":39}},{"start":{"line":38,"column":43},"end":{"line":38,"column":54}}],"line":38},"2":{"loc":{"start":{"line":57,"column":14},"end":{"line":57,"column":40}},"type":"cond-expr","locations":[{"start":{"line":57,"column":29},"end":{"line":57,"column":33}},{"start":{"line":57,"column":36},"end":{"line":57,"column":40}}],"line":57},"3":{"loc":{"start":{"line":58,"column":14},"end":{"line":58,"column":68}},"type":"cond-expr","locations":[{"start":{"line":58,"column":29},"end":{"line":58,"column":48}},{"start":{"line":58,"column":51},"end":{"line":58,"column":68}}],"line":58},"4":{"loc":{"start":{"line":59,"column":16},"end":{"line":59,"column":72}},"type":"cond-expr","locations":[{"start":{"line":59,"column":30},"end":{"line":59,"column":67}},{"start":{"line":59,"column":70},"end":{"line":59,"column":72}}],"line":59},"5":{"loc":{"start":{"line":65,"column":14},"end":{"line":65,"column":35}},"type":"cond-expr","locations":[{"start":{"line":65,"column":24},"end":{"line":65,"column":28}},{"start":{"line":65,"column":31},"end":{"line":65,"column":35}}],"line":65},"6":{"loc":{"start":{"line":66,"column":14},"end":{"line":66,"column":67}},"type":"cond-expr","locations":[{"start":{"line":66,"column":24},"end":{"line":66,"column":43}},{"start":{"line":66,"column":46},"end":{"line":66,"column":67}}],"line":66},"7":{"loc":{"start":{"line":67,"column":20},"end":{"line":67,"column":69}},"type":"cond-expr","locations":[{"start":{"line":67,"column":45},"end":{"line":67,"column":64}},{"start":{"line":67,"column":67},"end":{"line":67,"column":69}}],"line":67},"8":{"loc":{"start":{"line":67,"column":20},"end":{"line":67,"column":42}},"type":"binary-expr","locations":[{"start":{"line":67,"column":20},"end":{"line":67,"column":27}},{"start":{"line":67,"column":31},"end":{"line":67,"column":42}}],"line":67},"9":{"loc":{"start":{"line":78,"column":20},"end":{"line":78,"column":64}},"type":"cond-expr","locations":[{"start":{"line":78,"column":28},"end":{"line":78,"column":59}},{"start":{"line":78,"column":62},"end":{"line":78,"column":64}}],"line":78},"10":{"loc":{"start":{"line":79,"column":19},"end":{"line":79,"column":94}},"type":"cond-expr","locations":[{"start":{"line":79,"column":45},"end":{"line":79,"column":89}},{"start":{"line":79,"column":92},"end":{"line":79,"column":94}}],"line":79},"11":{"loc":{"start":{"line":85,"column":20},"end":{"line":85,"column":64}},"type":"cond-expr","locations":[{"start":{"line":85,"column":28},"end":{"line":85,"column":59}},{"start":{"line":85,"column":62},"end":{"line":85,"column":64}}],"line":85}},"s":{"0":0,"1":0,"2":0,"3":0,"4":0,"5":0,"6":0,"7":0,"8":0,"9":0,"10":0,"11":0,"12":0,"13":0,"14":0,"15":0,"16":0,"17":0,"18":0,"19":0,"20":0,"21":0,"22":0,"23":0,"24":0,"25":0,"26":0,"27":0,"28":0,"29":0,"30":0,"31":0,"32":0,"33":0,"34":0,"35":0,"36":0,"37":0,"38":0,"39":0,"40":0,"41":0,"42":0,"43":0,"44":0,"45":0,"46":0,"47":0,"48":0,"49":0,"50":0,"51":0,"52":0},"f":{"0":0,"1":0,"2":0,"3":0,"4":0,"5":0,"6":0,"7":0,"8":0,"9":0,"10":0,"11":0,"12":0,"13":0,"14":0,"15":0,"16":0,"17":0,"18":0,"19":0},"b":{"0":[0,0],"1":[0,0],"2":[0,0],"3":[0,0],"4":[0,0],"5":[0,0],"6":[0,0],"7":[0,0],"8":[0,0],"9":[0,0],"10":[0,0],"11":[0,0]}}
,"/workspace/src/utils/veth2.js": {"path":"/workspace/src/utils/veth2.js","statementMap":{"0":{"start":{"line":4,"column":26},"end":{"line":20,"column":1}},"1":{"start":{"line":5,"column":22},"end":{"line":5,"column":13522}},"2":{"start":{"line":7,"column":26},"end":{"line":7,"column":70}},"3":{"start":{"line":9,"column":4},"end":{"line":19,"column":5}},"4":{"start":{"line":11,"column":25},"end":{"line":11,"column":68}},"5":{"start":{"line":12,"column":23},"end":{"line":12,"column":42}},"6":{"start":{"line":13,"column":23},"end":{"line":13,"column":78}},"7":{"start":{"line":14,"column":27},"end":{"line":14,"column":69}},"8":{"start":{"line":15,"column":8},"end":{"line":15,"column":41}},"9":{"start":{"line":17,"column":8},"end":{"line":17,"column":63}},"10":{"start":{"line":18,"column":8},"end":{"line":18,"column":21}}},"fnMap":{"0":{"name":"(anonymous_0)","decl":{"start":{"line":4,"column":26},"end":{"line":4,"column":27}},"loc":{"start":{"line":4,"column":38},"end":{"line":20,"column":1}},"line":4}},"branchMap":{},"s":{"0":0,"1":0,"2":0,"3":0,"4":0,"5":0,"6":0,"7":0,"8":0,"9":0,"10":0},"f":{"0":0},"b":{}}
}
